This is pdfTeX, Version 3.141592653-2.6-1.40.22 (TeX Live 2021) (preloaded format=pdflatex 2021.6.21)  21 JUN 2021 22:08
entering extended mode
 restricted \write18 enabled.
 %&-line parsing enabled.
**main.tex
(./main.tex
LaTeX2e <2020-10-01> patch level 4
L3 programming layer <2021-02-18>
(/usr/local/texlive/2021/texmf-dist/tex/latex/base/article.cls
Document Class: article 2020/04/10 v1.4m Standard LaTeX document class
(/usr/local/texlive/2021/texmf-dist/tex/latex/base/size11.clo
File: size11.clo 2020/04/10 v1.4m Standard LaTeX file (size option)
)
\c@part=\count179
\c@section=\count180
\c@subsection=\count181
\c@subsubsection=\count182
\c@paragraph=\count183
\c@subparagraph=\count184
\c@figure=\count185
\c@table=\count186
\abovecaptionskip=\skip47
\belowcaptionskip=\skip48
\bibindent=\dimen138
) (./deauthor.sty
Package: deauthor 2002/04/01 Data Engineering Bulletin Author package
\c@theorem=\count187
\c@example=\count188
) (/usr/local/texlive/2021/texmf-dist/tex/latex/graphics/graphicx.sty
Package: graphicx 2020/09/09 v1.2b Enhanced LaTeX Graphics (DPC,SPQR)

(/usr/local/texlive/2021/texmf-dist/tex/latex/graphics/keyval.sty
Package: keyval 2014/10/28 v1.15 key=value parser (DPC)
\KV@toks@=\toks15
)
(/usr/local/texlive/2021/texmf-dist/tex/latex/graphics/graphics.sty
Package: graphics 2020/08/30 v1.4c Standard LaTeX Graphics (DPC,SPQR)

(/usr/local/texlive/2021/texmf-dist/tex/latex/graphics/trig.sty
Package: trig 2016/01/03 v1.10 sin cos tan (DPC)
)
(/usr/local/texlive/2021/texmf-dist/tex/latex/graphics-cfg/graphics.cfg
File: graphics.cfg 2016/06/04 v1.11 sample graphics configuration
)
Package graphics Info: Driver file: pdftex.def on input line 105.

(/usr/local/texlive/2021/texmf-dist/tex/latex/graphics-def/pdftex.def
File: pdftex.def 2020/10/05 v1.2a Graphics/color driver for pdftex
))
\Gin@req@height=\dimen139
\Gin@req@width=\dimen140
)
(/usr/local/texlive/2021/texmf-dist/tex/latex/psnfss/times.sty
Package: times 2020/03/25 PSNFSS-v9.3 (SPQR) 
)
(/usr/local/texlive/2021/texmf-dist/tex/latex/base/inputenc.sty
Package: inputenc 2020/08/01 v1.3d Input encoding file
\inpenc@prehook=\toks16
\inpenc@posthook=\toks17
)
(/usr/local/texlive/2021/texmf-dist/tex/latex/algorithms/algorithm.sty
Package: algorithm 2009/08/24 v0.1 Document Style `algorithm' - floating enviro
nment

(/usr/local/texlive/2021/texmf-dist/tex/latex/float/float.sty
Package: float 2001/11/08 v1.3d Float enhancements (AL)
\c@float@type=\count189
\float@exts=\toks18
\float@box=\box47
\@float@everytoks=\toks19
\@floatcapt=\box48
)
(/usr/local/texlive/2021/texmf-dist/tex/latex/base/ifthen.sty
Package: ifthen 2014/09/29 v1.1c Standard LaTeX ifthen package (DPC)
)
\@float@every@algorithm=\toks20
\c@algorithm=\count190
)
(/usr/local/texlive/2021/texmf-dist/tex/latex/algorithms/algorithmic.sty
Package: algorithmic 2009/08/24 v0.1 Document Style `algorithmic'
\c@ALC@unique=\count191
\c@ALC@line=\count192
\c@ALC@rem=\count193
\c@ALC@depth=\count194
\ALC@tlm=\skip49
\algorithmicindent=\skip50
)
(/usr/local/texlive/2021/texmf-dist/tex/latex/algorithmicx/algpseudocode.sty
Package: algpseudocode 

(/usr/local/texlive/2021/texmf-dist/tex/latex/algorithmicx/algorithmicx.sty
Package: algorithmicx 2005/04/27 v1.2 Algorithmicx

Document Style algorithmicx 1.2 - a greatly improved `algorithmic' style
\c@ALG@line=\count195
\c@ALG@rem=\count196
\c@ALG@nested=\count197
\ALG@tlm=\skip51
\ALG@thistlm=\skip52
\c@ALG@Lnr=\count198
\c@ALG@blocknr=\count199
\c@ALG@storecount=\count266
\c@ALG@tmpcounter=\count267
\ALG@tmplength=\skip53

! LaTeX Error: Command \algorithmic already defined.
               Or name \end... illegal, see p.192 of the manual.

See the LaTeX manual or LaTeX Companion for explanation.
Type  H <return>  for immediate help.
 ...                                              
                                                  
l.112    }
          %
? 
)
Document Style - pseudocode environments for use with the `algorithmicx' style
)
LaTeX Font Info:    Trying to load font information for OT1+ptm on input line 9
.
 (/usr/local/texlive/2021/texmf-dist/tex/latex/psnfss/ot1ptm.fd
File: ot1ptm.fd 2001/06/04 font definitions for OT1/ptm.
)
(/usr/local/texlive/2021/texmf-dist/tex/latex/l3backend/l3backend-pdftex.def
File: l3backend-pdftex.def 2021-03-18 L3 backend support: PDF output (pdfTeX)
\l__color_backend_stack_int=\count268
\l__pdf_internal_box=\box49
)
No file main.aux.
\openout1 = `main.aux'.

LaTeX Font Info:    Checking defaults for OML/cmm/m/it on input line 9.
LaTeX Font Info:    ... okay on input line 9.
LaTeX Font Info:    Checking defaults for OMS/cmsy/m/n on input line 9.
LaTeX Font Info:    ... okay on input line 9.
LaTeX Font Info:    Checking defaults for OT1/cmr/m/n on input line 9.
LaTeX Font Info:    ... okay on input line 9.
LaTeX Font Info:    Checking defaults for T1/cmr/m/n on input line 9.
LaTeX Font Info:    ... okay on input line 9.
LaTeX Font Info:    Checking defaults for TS1/cmr/m/n on input line 9.
LaTeX Font Info:    ... okay on input line 9.
LaTeX Font Info:    Checking defaults for OMX/cmex/m/n on input line 9.
LaTeX Font Info:    ... okay on input line 9.
LaTeX Font Info:    Checking defaults for U/cmr/m/n on input line 9.
LaTeX Font Info:    ... okay on input line 9.
(/usr/local/texlive/2021/texmf-dist/tex/context/base/mkii/supp-pdf.mkii
[Loading MPS to PDF converter (version 2006.09.02).]
\scratchcounter=\count269
\scratchdimen=\dimen141
\scratchbox=\box50
\nofMPsegments=\count270
\nofMParguments=\count271
\everyMPshowfont=\toks21
\MPscratchCnt=\count272
\MPscratchDim=\dimen142
\MPnumerator=\count273
\makeMPintoPDFobject=\count274
\everyMPtoPDFconversion=\toks22
) (/usr/local/texlive/2021/texmf-dist/tex/latex/epstopdf-pkg/epstopdf-base.sty
Package: epstopdf-base 2020-01-24 v2.11 Base part for package epstopdf

(/usr/local/texlive/2021/texmf-dist/tex/generic/infwarerr/infwarerr.sty
Package: infwarerr 2019/12/03 v1.5 Providing info/warning/error messages (HO)
)
(/usr/local/texlive/2021/texmf-dist/tex/latex/grfext/grfext.sty
Package: grfext 2019/12/03 v1.3 Manage graphics extensions (HO)

(/usr/local/texlive/2021/texmf-dist/tex/generic/kvdefinekeys/kvdefinekeys.sty
Package: kvdefinekeys 2019-12-19 v1.6 Define keys (HO)
)) (/usr/local/texlive/2021/texmf-dist/tex/latex/kvoptions/kvoptions.sty
Package: kvoptions 2020-10-07 v3.14 Key value format for package options (HO)

(/usr/local/texlive/2021/texmf-dist/tex/generic/ltxcmds/ltxcmds.sty
Package: ltxcmds 2020-05-10 v1.25 LaTeX kernel commands for general use (HO)
)
(/usr/local/texlive/2021/texmf-dist/tex/generic/kvsetkeys/kvsetkeys.sty
Package: kvsetkeys 2019/12/15 v1.18 Key value parser (HO)
))
(/usr/local/texlive/2021/texmf-dist/tex/generic/pdftexcmds/pdftexcmds.sty
Package: pdftexcmds 2020-06-27 v0.33 Utility functions of pdfTeX for LuaTeX (HO
)

(/usr/local/texlive/2021/texmf-dist/tex/generic/iftex/iftex.sty
Package: iftex 2020/03/06 v1.0d TeX engine tests
)
Package pdftexcmds Info: \pdf@primitive is available.
Package pdftexcmds Info: \pdf@ifprimitive is available.
Package pdftexcmds Info: \pdfdraftmode found.
)
Package epstopdf-base Info: Redefining graphics rule for `.eps' on input line 4
85.
Package grfext Info: Graphics extension search list:
(grfext)             [.pdf,.png,.jpg,.mps,.jpeg,.jbig2,.jb2,.PDF,.PNG,.JPG,.JPE
G,.JBIG2,.JB2,.eps]
(grfext)             \AppendGraphicsExtensions on input line 504.

(/usr/local/texlive/2021/texmf-dist/tex/latex/latexconfig/epstopdf-sys.cfg
File: epstopdf-sys.cfg 2010/07/13 v1.3 Configuration of (r)epstopdf for TeX Liv
e
))
LaTeX Font Info:    External font `cmex10' loaded for size
(Font)              <9> on input line 10.
LaTeX Font Info:    External font `cmex10' loaded for size
(Font)              <6> on input line 10.
LaTeX Font Info:    External font `cmex10' loaded for size
(Font)              <5> on input line 10.

Underfull \hbox (badness 10000) in paragraph at lines 10--10

 []

LaTeX Font Info:    External font `cmex10' loaded for size
(Font)              <12> on input line 33.
LaTeX Font Info:    External font `cmex10' loaded for size
(Font)              <8> on input line 33.
LaTeX Font Info:    Trying to load font information for OT1+pcr on input line 3
3.
(/usr/local/texlive/2021/texmf-dist/tex/latex/psnfss/ot1pcr.fd
File: ot1pcr.fd 2001/06/04 font definitions for OT1/pcr.
)

LaTeX Warning: Citation `10.1145/3308558.3313514' on page 1 undefined on input 
line 39.


LaTeX Warning: Citation `10.1145/3394486.3403336' on page 1 undefined on input 
line 39.

[1

{/usr/local/texlive/2021/texmf-var/fonts/map/pdftex/updmap/pdftex.map}]
Package pdftex.def Info: Option `bb' equivalent to `viewport' with the pdftex d
river on input line 47.


! Package keyval Error: valign undefined.

See the keyval package documentation for explanation.
Type  H <return>  for immediate help.
 ...                                              
                                                  
l.47 ...05 225, valign=t]{figs/walmart_app_px.jpg}
                                                  
? 
<figs/walmart_app_px.jpg, id=10, 140.525pt x 301.125pt>
File: figs/walmart_app_px.jpg Graphic file (type jpg)
<use figs/walmart_app_px.jpg>
Package pdftex.def Info: figs/walmart_app_px.jpg  used on input line 47.
(pdftex.def)             Requested size: 105.39374pt x 225.84375pt.
Package pdftex.def Info: Option `bb' equivalent to `viewport' with the pdftex d
river on input line 50.

! Package keyval Error: valign undefined.

See the keyval package documentation for explanation.
Type  H <return>  for immediate help.
 ...                                              
                                                  
l.50 ...00 188, valign=t]{figs/walmart_web_px.png}
                                                  
? 
<figs/walmart_web_px.png, id=11, 200.75pt x 154.5775pt>
File: figs/walmart_web_px.png Graphic file (type png)
<use figs/walmart_web_px.png>
Package pdftex.def Info: figs/walmart_web_px.png  used on input line 50.
(pdftex.def)             Requested size: 301.125pt x 188.70499pt.
! Undefined control sequence.
l.52    \Description
                    {}
? 

LaTeX Warning: Citation `10.1145/3308558.3313514' on page 2 undefined on input 
line 63.


LaTeX Warning: Citation `10.1145/3397271.3401146' on page 2 undefined on input 
line 63.


LaTeX Warning: Citation `10.1145/2072298.2072308' on page 2 undefined on input 
line 63.


LaTeX Warning: Citation `10.1145/3308558.3313514' on page 2 undefined on input 
line 64.


LaTeX Warning: Citation `10.1145/3394486.3403336' on page 2 undefined on input 
line 66.


LaTeX Warning: Citation `10.1145/3394486.3403336' on page 2 undefined on input 
line 68.

[2] [3 <./figs/walmart_app_px.jpg> <./figs/walmart_web_px.png>]

LaTeX Warning: Citation `10.1145/3159652.3159732' on page 4 undefined on input 
line 73.


LaTeX Warning: Citation `10.1145/1341531.1341545' on page 4 undefined on input 
line 73.


LaTeX Warning: Citation `10.1145/3159652.3159732' on page 4 undefined on input 
line 74.


LaTeX Warning: Citation `10.1145/3308558.3313447' on page 4 undefined on input 
line 74.


LaTeX Warning: Citation `burges2010from' on page 4 undefined on input line 77.


LaTeX Warning: Citation `10.1145/3077136.3080838' on page 4 undefined on input 
line 77.


LaTeX Warning: Citation `10.1145/1273496.1273513' on page 4 undefined on input 
line 77.

LaTeX Font Info:    External font `cmex10' loaded for size
(Font)              <10.95> on input line 78.
[4]
Underfull \hbox (badness 10000) in paragraph at lines 89--96

 []

Package pdftex.def Info: Option `bb' equivalent to `viewport' with the pdftex d
river on input line 100.
<figs/4-col-min.png, id=30, 160.6pt x 123.96312pt>
File: figs/4-col-min.png Graphic file (type png)
<use figs/4-col-min.png>
Package pdftex.def Info: figs/4-col-min.png  used on input line 100.
(pdftex.def)             Requested size: 240.9pt x 185.69374pt.
Package pdftex.def Info: Option `bb' equivalent to `viewport' with the pdftex d
river on input line 104.
<figs/5-col-min.png, id=31, 160.6pt x 123.96312pt>
File: figs/5-col-min.png Graphic file (type png)
<use figs/5-col-min.png>
Package pdftex.def Info: figs/5-col-min.png  used on input line 104.
(pdftex.def)             Requested size: 240.9pt x 185.69374pt.
! Undefined control sequence.
l.106    \Description
                     {}
? 
! Missing number, treated as zero.
<to be read again> 
                   \ALG@currentblock@0 
l.139 \end{algorithmic}
                       
? 
! Missing = inserted for \ifnum.
<to be read again> 
                   \ALG@currentblock@0 
l.139 \end{algorithmic}
                       
? 
! Missing number, treated as zero.
<to be read again> 
                   \ALG@currentblock@0 
l.139 \end{algorithmic}
                       
? 
[5]

LaTeX Warning: Citation `10.1145/3394486.3403336' on page 6 undefined on input 
line 144.

[6 <./figs/4-col-min.png> <./figs/5-col-min.png>]
Underfull \hbox (badness 10000) in paragraph at lines 163--169

 []


LaTeX Warning: Citation `act' on page 7 undefined on input line 173.

[7]
LaTeX Font Info:    Trying to load font information for OMS+ptm on input line 1
95.
 (/usr/local/texlive/2021/texmf-dist/tex/latex/psnfss/omsptm.fd
File: omsptm.fd 
)
LaTeX Font Info:    Font shape `OMS/ptm/m/n' in size <10.95> not available
(Font)              Font shape `OMS/cmsy/m/n' tried instead on input line 195.


LaTeX Warning: Citation `10.1145/582415.582418' on page 8 undefined on input li
ne 214.


LaTeX Warning: Citation `ndcg1' on page 8 undefined on input line 214.


LaTeX Warning: Citation `ndcg2' on page 8 undefined on input line 214.

[8]
Overfull \hbox (0.87764pt too wide) in paragraph at lines 227--249
[][] 
 []

LaTeX Font Info:    Trying to load font information for TS1+ptm on input line 2
56.
(/usr/local/texlive/2021/texmf-dist/tex/latex/psnfss/ts1ptm.fd
File: ts1ptm.fd 2001/06/04 font definitions for TS1/ptm.
)
Underfull \hbox (badness 10000) in paragraph at lines 261--267

 []

[9]
! Misplaced alignment tab character &.
l.286 ...ional Conference on Knowledge Discovery &
                                                  amp; Data Mining},1 0.1145...

? 
[10] [11] (./main.aux)

LaTeX Warning: There were undefined references.


LaTeX Warning: Label(s) may have changed. Rerun to get cross-references right.

 ) 
Here is how much of TeX's memory you used:
 2689 strings out of 478994
 41024 string characters out of 5858184
 342332 words of memory out of 5000000
 20115 multiletter control sequences out of 15000+600000
 429866 words of font info for 72 fonts, out of 8000000 for 9000
 1141 hyphenation exceptions out of 8191
 72i,14n,78p,1401b,417s stack positions out of 5000i,500n,10000p,200000b,80000s
{/usr/local/texlive/2021/texmf-dist/fonts/enc/dvips/base/8r.enc}</usr/local/t
exlive/2021/texmf-dist/fonts/type1/public/amsfonts/cm/cmex10.pfb></usr/local/te
xlive/2021/texmf-dist/fonts/type1/public/amsfonts/cm/cmmi10.pfb></usr/local/tex
live/2021/texmf-dist/fonts/type1/public/amsfonts/cm/cmmi6.pfb></usr/local/texli
ve/2021/texmf-dist/fonts/type1/public/amsfonts/cm/cmmi8.pfb></usr/local/texlive
/2021/texmf-dist/fonts/type1/public/amsfonts/cm/cmr10.pfb></usr/local/texlive/2
021/texmf-dist/fonts/type1/public/amsfonts/cm/cmr8.pfb></usr/local/texlive/2021
/texmf-dist/fonts/type1/public/amsfonts/cm/cmsy10.pfb></usr/local/texlive/2021/
texmf-dist/fonts/type1/public/amsfonts/cm/cmsy8.pfb></usr/local/texlive/2021/te
xmf-dist/fonts/type1/urw/courier/ucrr8a.pfb></usr/local/texlive/2021/texmf-dist
/fonts/type1/urw/times/utmb8a.pfb></usr/local/texlive/2021/texmf-dist/fonts/typ
e1/urw/times/utmr8a.pfb></usr/local/texlive/2021/texmf-dist/fonts/type1/urw/tim
es/utmri8a.pfb>
Output written on main.pdf (11 pages, 390048 bytes).
PDF statistics:
 97 PDF objects out of 1000 (max. 8388607)
 64 compressed objects within 1 object stream
 0 named destinations out of 1000 (max. 500000)
 21 words of extra memory for PDF output out of 10000 (max. 10000000)

